<?xml version="1.0" encoding="UTF-8"?>
<!-- Generated by org.testng.reporters.JUnitReportReporter -->
<testsuite skipped="1" hostname="DESKTOP-4T93PS0" name="com.autouw.qa.testcase.DealCreation" tests="1" failures="0" timestamp="13 Jun 2019 08:45:37 GMT" time="0.000" errors="0">
  <testcase name="next" time="0.000" classname="com.autouw.qa.testcase.DealCreation">
    <skipped/>
  </testcase> <!-- next -->
</testsuite> <!-- com.autouw.qa.testcase.DealCreation -->
