<?xml version="1.0" encoding="UTF-8"?>
<!-- Generated by org.testng.reporters.JUnitReportReporter -->
<testsuite skipped="0" hostname="DESKTOP-4T93PS0" name="automation_testscripts.Dashboard" tests="1" failures="0" timestamp="04 Jun 2019 07:02:24 GMT" time="4.818" errors="0">
  <testcase name="TC04Dashboard" time="4.818" classname="automation_testscripts.Dashboard"/>
</testsuite> <!-- automation_testscripts.Dashboard -->
