<?xml version="1.0" encoding="UTF-8"?>
<!-- Generated by org.testng.reporters.JUnitReportReporter -->
<testsuite skipped="1" hostname="DESKTOP-4T93PS0" name="com.autouw.qa.testcase.Dashboard" tests="1" failures="0" timestamp="13 Jun 2019 08:45:37 GMT" time="0.000" errors="0">
  <testcase name="TC04Dashboard" time="0.000" classname="com.autouw.qa.testcase.Dashboard">
    <skipped/>
  </testcase> <!-- TC04Dashboard -->
</testsuite> <!-- com.autouw.qa.testcase.Dashboard -->
