<?xml version="1.0" encoding="UTF-8"?>
<!-- Generated by org.testng.reporters.JUnitReportReporter -->
<testsuite skipped="12" hostname="DESKTOP-4T93PS0" name="com.autouw.qa.testcase.Login" tests="12" failures="0" timestamp="13 Jun 2019 08:45:37 GMT" time="0.000" errors="0">
  <testcase name="TermAndSerivce" time="0.000" classname="com.autouw.qa.testcase.Login">
    <skipped/>
  </testcase> <!-- TermAndSerivce -->
  <testcase name="PrivacyPolicy" time="0.000" classname="com.autouw.qa.testcase.Login">
    <skipped/>
  </testcase> <!-- PrivacyPolicy -->
  <testcase name="RequestDemo" time="0.000" classname="com.autouw.qa.testcase.Login">
    <skipped/>
  </testcase> <!-- RequestDemo -->
  <testcase name="AcceptCookies" time="0.000" classname="com.autouw.qa.testcase.Login">
    <skipped/>
  </testcase> <!-- AcceptCookies -->
  <testcase name="UserLoginWithValidUsernameAndPassword" time="0.000" classname="com.autouw.qa.testcase.Login">
    <skipped/>
  </testcase> <!-- UserLoginWithValidUsernameAndPassword -->
  <testcase name="VerifyVAlidationMessageWhenUserLoginWithInvalidUsernameAndPassword" classname="com.autouw.qa.testcase.Login">
    <skipped/>
  </testcase> <!-- VerifyVAlidationMessageWhenUserLoginWithInvalidUsernameAndPassword -->
  <testcase name="VerifyValidationMessageWhenUserLoginWithValidUsernameAndInvalidPassword" classname="com.autouw.qa.testcase.Login">
    <skipped/>
  </testcase> <!-- VerifyValidationMessageWhenUserLoginWithValidUsernameAndInvalidPassword -->
  <testcase name="VerifyValidationMessageWhenUserLoginWithEmptyUsernameAndValidPassword" classname="com.autouw.qa.testcase.Login">
    <skipped/>
  </testcase> <!-- VerifyValidationMessageWhenUserLoginWithEmptyUsernameAndValidPassword -->
  <testcase name="VerifyValidationMessageWhenUserLoginWithValidUsernameAndEmptyPassword" classname="com.autouw.qa.testcase.Login">
    <skipped/>
  </testcase> <!-- VerifyValidationMessageWhenUserLoginWithValidUsernameAndEmptyPassword -->
  <testcase name="VerifyValidationMessageWhenUserLoginWithInvalidUsernameAndValidPassword" classname="com.autouw.qa.testcase.Login">
    <skipped/>
  </testcase> <!-- VerifyValidationMessageWhenUserLoginWithInvalidUsernameAndValidPassword -->
  <testcase name="VerfiyValidationMessageWhenTermAndServiceCheckBoxIsNotSelected" classname="com.autouw.qa.testcase.Login">
    <skipped/>
  </testcase> <!-- VerfiyValidationMessageWhenTermAndServiceCheckBoxIsNotSelected -->
  <testcase name="VerifyValidationMessageWhenUserLoginWithEmptyUsernameAndPassword" classname="com.autouw.qa.testcase.Login">
    <skipped/>
  </testcase> <!-- VerifyValidationMessageWhenUserLoginWithEmptyUsernameAndPassword -->
</testsuite> <!-- com.autouw.qa.testcase.Login -->
