<?xml version="1.0" encoding="UTF-8"?>
<!-- Generated by org.testng.reporters.JUnitReportReporter -->
<testsuite skipped="13" hostname="DESKTOP-4T93PS0" name="com.autouw.qa.testcase.DocRepository" tests="13" failures="0" timestamp="13 Jun 2019 08:45:37 GMT" time="0.000" errors="0">
  <testcase name="VerifyValidationMessageAfterClickingOnCreateDealButtonWhenHomeRootRopoIsNotSelected" time="0.000" classname="com.autouw.qa.testcase.DocRepository">
    <skipped/>
  </testcase> <!-- VerifyValidationMessageAfterClickingOnCreateDealButtonWhenHomeRootRopoIsNotSelected -->
  <testcase name="VerifyValidationMessageWhileCreateFolderWhenRootHomeRepoIsNotSelected" time="0.000" classname="com.autouw.qa.testcase.DocRepository">
    <skipped/>
  </testcase> <!-- VerifyValidationMessageWhileCreateFolderWhenRootHomeRepoIsNotSelected -->
  <testcase name="SelectHomeRoot" time="0.000" classname="com.autouw.qa.testcase.DocRepository">
    <skipped/>
  </testcase> <!-- SelectHomeRoot -->
  <testcase name="VerifyValidationMessageAfterClickingOnCreateDealButtonWhenRootHomeRopoIsSelected" time="0.000" classname="com.autouw.qa.testcase.DocRepository">
    <skipped/>
  </testcase> <!-- VerifyValidationMessageAfterClickingOnCreateDealButtonWhenRootHomeRopoIsSelected -->
  <testcase name="VerifyValidationMessageWhileUploadingDocumentInHomeRootRepo" time="0.000" classname="com.autouw.qa.testcase.DocRepository">
    <skipped/>
  </testcase> <!-- VerifyValidationMessageWhileUploadingDocumentInHomeRootRepo -->
  <testcase name="ClickAddFolderButton" time="0.000" classname="com.autouw.qa.testcase.DocRepository">
    <skipped/>
  </testcase> <!-- ClickAddFolderButton -->
  <testcase name="SendingAFolderNameIsEmpty" time="0.000" classname="com.autouw.qa.testcase.DocRepository">
    <skipped/>
  </testcase> <!-- SendingAFolderNameIsEmpty -->
  <testcase name="VerifySuccessfullMessageAfterCreatingFolder" time="0.000" classname="com.autouw.qa.testcase.DocRepository">
    <skipped/>
  </testcase> <!-- VerifySuccessfullMessageAfterCreatingFolder -->
  <testcase name="SelectCreateFolder" time="0.000" classname="com.autouw.qa.testcase.DocRepository">
    <skipped/>
  </testcase> <!-- SelectCreateFolder -->
  <testcase name="VerifyValidationMessageAfterAfterClickingOnCreateDealButtonWhenCreatedFolderIsNotContainDocuments" time="0.000" classname="com.autouw.qa.testcase.DocRepository">
    <skipped/>
  </testcase> <!-- VerifyValidationMessageAfterAfterClickingOnCreateDealButtonWhenCreatedFolderIsNotContainDocuments -->
  <testcase name="UploadDocuments" time="0.000" classname="com.autouw.qa.testcase.DocRepository">
    <skipped/>
  </testcase> <!-- UploadDocuments -->
  <testcase name="CreateDeal" time="0.000" classname="com.autouw.qa.testcase.DocRepository">
    <skipped/>
  </testcase> <!-- CreateDeal -->
  <testcase name="CloseTab" time="0.000" classname="com.autouw.qa.testcase.DocRepository">
    <skipped/>
  </testcase> <!-- CloseTab -->
</testsuite> <!-- com.autouw.qa.testcase.DocRepository -->
