<?xml version="1.0" encoding="UTF-8"?>
<!-- Generated by org.testng.reporters.JUnitReportReporter -->
<testsuite skipped="7" hostname="DESKTOP-4T93PS0" name="automation_testscripts.Login" tests="12" failures="0" timestamp="04 Jun 2019 07:02:24 GMT" time="19.191" errors="0">
  <testcase name="TermAndSerivce" time="0.270" classname="automation_testscripts.Login"/>
  <testcase name="PrivacyPolicy" time="0.251" classname="automation_testscripts.Login"/>
  <testcase name="RequestDemo" time="0.194" classname="automation_testscripts.Login"/>
  <testcase name="AcceptCookies" time="0.193" classname="automation_testscripts.Login"/>
  <testcase name="UserLoginWithValidUsernameAndPassword" time="18.283" classname="automation_testscripts.Login"/>
  <testcase name="VerfiyValidationMessageWhenTermAndServiceCheckBoxIsNotSelected" classname="automation_testscripts.Login">
    <skipped/>
  </testcase> <!-- VerfiyValidationMessageWhenTermAndServiceCheckBoxIsNotSelected -->
  <testcase name="VerifyValidationMessageWhenUserLoginWithEmptyUsernameAndValidPassword" classname="automation_testscripts.Login">
    <skipped/>
  </testcase> <!-- VerifyValidationMessageWhenUserLoginWithEmptyUsernameAndValidPassword -->
  <testcase name="VerifyValidationMessageWhenUserLoginWithInvalidUsernameAndValidPassword" classname="automation_testscripts.Login">
    <skipped/>
  </testcase> <!-- VerifyValidationMessageWhenUserLoginWithInvalidUsernameAndValidPassword -->
  <testcase name="VerifyVAlidationMessageWhenUserLoginWithInvalidUsernameAndPassword" classname="automation_testscripts.Login">
    <skipped/>
  </testcase> <!-- VerifyVAlidationMessageWhenUserLoginWithInvalidUsernameAndPassword -->
  <testcase name="VerifyValidationMessageWhenUserLoginWithValidUsernameAndInvalidPassword" classname="automation_testscripts.Login">
    <skipped/>
  </testcase> <!-- VerifyValidationMessageWhenUserLoginWithValidUsernameAndInvalidPassword -->
  <testcase name="VerifyValidationMessageWhenUserLoginWithEmptyUsernameAndPassword" classname="automation_testscripts.Login">
    <skipped/>
  </testcase> <!-- VerifyValidationMessageWhenUserLoginWithEmptyUsernameAndPassword -->
  <testcase name="VerifyValidationMessageWhenUserLoginWithValidUsernameAndEmptyPassword" classname="automation_testscripts.Login">
    <skipped/>
  </testcase> <!-- VerifyValidationMessageWhenUserLoginWithValidUsernameAndEmptyPassword -->
</testsuite> <!-- automation_testscripts.Login -->
