<?xml version="1.0" encoding="UTF-8"?>
<!-- Generated by org.testng.reporters.JUnitReportReporter -->
<testsuite skipped="0" hostname="DESKTOP-4T93PS0" name="setup_browser.Setup" tests="1" failures="0" timestamp="04 Jun 2019 07:02:24 GMT" time="12.751" errors="0">
  <testcase name="ConnectWithBrowser" time="12.751" classname="setup_browser.Setup"/>
</testsuite> <!-- setup_browser.Setup -->
