<?xml version="1.0" encoding="UTF-8"?>
<!-- Generated by org.testng.reporters.JUnitReportReporter -->
<testsuite skipped="0" hostname="DESKTOP-4T93PS0" name="automation_testscripts.Dashboard" tests="1" failures="0" timestamp="15 May 2019 10:10:25 GMT" time="4.823" errors="0">
  <testcase name="TC04Dashboard" time="4.823" classname="automation_testscripts.Dashboard"/>
</testsuite> <!-- automation_testscripts.Dashboard -->
