<?xml version="1.0" encoding="UTF-8"?>
<!-- Generated by org.testng.reporters.JUnitReportReporter -->
<testsuite skipped="0" hostname="DESKTOP-4T93PS0" name="setup_browser.Setup" tests="1" failures="0" timestamp="15 May 2019 10:10:25 GMT" time="16.330" errors="0">
  <testcase name="ConnectWithBrowser" time="16.330" classname="setup_browser.Setup"/>
</testsuite> <!-- setup_browser.Setup -->
