<?xml version="1.0" encoding="UTF-8"?>
<!-- Generated by org.testng.reporters.JUnitReportReporter -->
<testsuite skipped="7" hostname="DESKTOP-4T93PS0" name="automation_testscripts.Login" tests="12" failures="0" timestamp="15 May 2019 10:10:25 GMT" time="31.419" errors="0">
  <testcase name="TermAndSerivce" time="0.510" classname="automation_testscripts.Login"/>
  <testcase name="PrivacyPolicy" time="0.574" classname="automation_testscripts.Login"/>
  <testcase name="RequestDemo" time="0.355" classname="automation_testscripts.Login"/>
  <testcase name="AcceptCookies" time="7.973" classname="automation_testscripts.Login"/>
  <testcase name="UserLoginWithValidUsernameAndPassword" time="22.007" classname="automation_testscripts.Login"/>
  <testcase name="VerfiyValidationMessageWhenTermAndServiceCheckBoxIsNotSelected" classname="automation_testscripts.Login">
    <skipped/>
  </testcase> <!-- VerfiyValidationMessageWhenTermAndServiceCheckBoxIsNotSelected -->
  <testcase name="VerifyValidationMessageWhenUserLoginWithEmptyUsernameAndValidPassword" classname="automation_testscripts.Login">
    <skipped/>
  </testcase> <!-- VerifyValidationMessageWhenUserLoginWithEmptyUsernameAndValidPassword -->
  <testcase name="VerifyValidationMessageWhenUserLoginWithInvalidUsernameAndValidPassword" classname="automation_testscripts.Login">
    <skipped/>
  </testcase> <!-- VerifyValidationMessageWhenUserLoginWithInvalidUsernameAndValidPassword -->
  <testcase name="VerifyVAlidationMessageWhenUserLoginWithInvalidUsernameAndPassword" classname="automation_testscripts.Login">
    <skipped/>
  </testcase> <!-- VerifyVAlidationMessageWhenUserLoginWithInvalidUsernameAndPassword -->
  <testcase name="VerifyValidationMessageWhenUserLoginWithValidUsernameAndInvalidPassword" classname="automation_testscripts.Login">
    <skipped/>
  </testcase> <!-- VerifyValidationMessageWhenUserLoginWithValidUsernameAndInvalidPassword -->
  <testcase name="VerifyValidationMessageWhenUserLoginWithEmptyUsernameAndPassword" classname="automation_testscripts.Login">
    <skipped/>
  </testcase> <!-- VerifyValidationMessageWhenUserLoginWithEmptyUsernameAndPassword -->
  <testcase name="VerifyValidationMessageWhenUserLoginWithValidUsernameAndEmptyPassword" classname="automation_testscripts.Login">
    <skipped/>
  </testcase> <!-- VerifyValidationMessageWhenUserLoginWithValidUsernameAndEmptyPassword -->
</testsuite> <!-- automation_testscripts.Login -->
